\BOOKMARK [0][-]{chapter.1}{Introdu\347\343o}{}% 1
\BOOKMARK [1][-]{section.1.1}{Motiva\347\343o}{chapter.1}% 2
\BOOKMARK [1][-]{section.1.2}{Objetivos}{chapter.1}% 3
\BOOKMARK [2][-]{subsection.1.2.1}{Objetivos Espec\355ficos}{section.1.2}% 4
\BOOKMARK [1][-]{section.1.3}{Descri\347\343o do Problema}{chapter.1}% 5
\BOOKMARK [2][-]{subsection.1.3.1}{Demonstra\347\343o do Problema}{section.1.3}% 6
\BOOKMARK [1][-]{section.1.4}{Organiza\347\343o do Trabalho}{chapter.1}% 7
\BOOKMARK [0][-]{chapter.2}{Referencial Te\363rico}{}% 8
\BOOKMARK [1][-]{section.2.1}{Redes de Sensores Sem Fio}{chapter.2}% 9
\BOOKMARK [2][-]{subsection.2.1.1}{Desafios das RSSFs }{section.2.1}% 10
\BOOKMARK [2][-]{subsection.2.1.2}{Tipos de Aplica\347\365es}{section.2.1}% 11
\BOOKMARK [2][-]{subsection.2.1.3}{Caracter\355sticas}{section.2.1}% 12
\BOOKMARK [2][-]{subsection.2.1.4}{N\363s Sensores}{section.2.1}% 13
\BOOKMARK [1][-]{section.2.2}{Ve\355culos A\351reos N\343o Tripulados \(UAVs \) }{chapter.2}% 14
\BOOKMARK [2][-]{subsection.2.2.1}{Modelos e Arquiteturas de UAVs }{section.2.2}% 15
\BOOKMARK [2][-]{subsection.2.2.2}{Aplica\347\365es utilizando UAVs }{section.2.2}% 16
\BOOKMARK [2][-]{subsection.2.2.3}{Desenvolvimento de UAVs }{section.2.2}% 17
\BOOKMARK [2][-]{subsection.2.2.4}{Pesquisas em UAVs }{section.2.2}% 18
\BOOKMARK [1][-]{section.2.3}{Pesquisas em RSSFs e UAVs}{chapter.2}% 19
\BOOKMARK [0][-]{chapter.3}{Metodologia}{}% 20
\BOOKMARK [0][-]{chapter.4}{Resultados Esperados}{}% 21
\BOOKMARK [0][-]{chapter.5}{Cronograma}{}% 22
