This is pdfTeX, Version 3.1415926-1.40.10 (MiKTeX 2.8) (preloaded format=pdflatex 2010.5.27)  12 JUN 2010 23:43
entering extended mode
**D:/mac/Documents/svn_merda/tales/tcc_netto/tex/wsn_review.tex
(D:/mac/Documents/svn_merda/tales/tcc_netto/tex/wsn_review.tex
LaTeX2e <2009/09/24>
Babel <v3.8l> and hyphenation patterns for english, dumylang, nohyphenation, ge
rman, ngerman, german-x-2009-06-19, ngerman-x-2009-06-19, french, portuguese, l
oaded.
! Undefined control sequence.
l.1 \section
            {Redes de Sensores Sem Fio}
? 
! Emergency stop.
l.1 \section
            {Redes de Sensores Sem Fio}
End of file on the terminal!

 
Here is how much of TeX's memory you used:
 7 strings out of 495257
 243 string characters out of 3179100
 45067 words of memory out of 3000000
 3324 multiletter control sequences out of 15000+200000
 3640 words of font info for 14 fonts, out of 3000000 for 9000
 16 hyphenation exceptions out of 8191
 5i,0n,1p,100b,8s stack positions out of 5000i,500n,10000p,200000b,50000s
!  ==> Fatal error occurred, no output PDF file produced!
